<?xml version="1.0" encoding="UTF-8"?>
<!-- Generated by org.testng.reporters.JUnitXMLReporter -->
<testsuite ignored="0" hostname="Declans-Air" failures="0" tests="9" name="Default test" time="27.85" errors="0" timestamp="2022-07-20T10:56:28 BST">
  <testcase classname="com.declan.testscripts.ReturnTrainTicketTest" name="Test001_ClickCookie" time="0.049"/>
  <testcase classname="com.declan.testscripts.ReturnTrainTicketTest" name="InputTrainStationDetails" time="0.839"/>
  <testcase classname="com.declan.testscripts.ReturnTrainTicketTest" name="returnOrSingle" time="0.175"/>
  <testcase classname="com.declan.testscripts.ReturnTrainTicketTest" name="changeDateofLeavingTrains" time="2.865"/>
  <testcase classname="com.declan.testscripts.ReturnTrainTicketTest" name="changeDateofReturningTrains" time="2.731"/>
  <testcase classname="com.declan.testscripts.ReturnTrainTicketTest" name="changeTimeOfLeavingTrain" time="6.206"/>
  <testcase classname="com.declan.testscripts.ReturnTrainTicketTest" name="searchForTrains" time="10.096"/>
  <testcase classname="com.declan.testscripts.ReturnTrainTicketTest" name="takeScreenShot" time="0.237"/>
  <testcase classname="com.declan.testscripts.ReturnTrainTicketTest" name="searchTickets" time="0.061"/>
</testsuite> <!-- Default test -->
