<?xml version="1.0" encoding="UTF-8"?>
<!-- Generated by org.testng.reporters.JUnitXMLReporter -->
<testsuite ignored="0" hostname="Declans-Air" failures="0" tests="5" name="Default test" time="11.2" errors="0" timestamp="2022-07-18T11:18:17 BST">
  <testcase classname="com.declan.functionalcode.MainGUITest" name="Test001_ClickCookie" time="0.081"/>
  <testcase classname="com.declan.functionalcode.MainGUITest" name="InputTrainStationDetails" time="0.7"/>
  <testcase classname="com.declan.functionalcode.MainGUITest" name="changeDateofTrains" time="2.948"/>
  <testcase classname="com.declan.functionalcode.MainGUITest" name="changeTimeOfTrain" time="3.179"/>
  <testcase classname="com.declan.functionalcode.MainGUITest" name="searchTickets" time="0.092"/>
</testsuite> <!-- Default test -->
