<?xml version="1.0" encoding="UTF-8"?>
<testng-results ignored="0" total="9" passed="9" failed="0" skipped="0">
  <reporter-output>
  </reporter-output>
  <suite started-at="2022-07-20T10:56:01 BST" name="Default suite" finished-at="2022-07-20T10:56:28 BST" duration-ms="27850">
    <groups>
    </groups>
    <test started-at="2022-07-20T10:56:01 BST" name="Default test" finished-at="2022-07-20T10:56:28 BST" duration-ms="27850">
      <class name="com.declan.testscripts.ReturnTrainTicketTest">
        <test-method is-config="true" signature="openBrowser()[pri:0, instance:com.declan.testscripts.ReturnTrainTicketTest@60bd273d]" started-at="2022-07-20T10:56:01 BST" name="openBrowser" finished-at="2022-07-20T10:56:05 BST" duration-ms="4059" status="PASS">
          <reporter-output>
          </reporter-output>
        </test-method> <!-- openBrowser -->
        <test-method signature="Test001_ClickCookie()[pri:1, instance:com.declan.testscripts.ReturnTrainTicketTest@60bd273d]" started-at="2022-07-20T10:56:05 BST" name="Test001_ClickCookie" finished-at="2022-07-20T10:56:05 BST" duration-ms="49" status="PASS">
          <reporter-output>
          </reporter-output>
        </test-method> <!-- Test001_ClickCookie -->
        <test-method signature="InputTrainStationDetails()[pri:2, instance:com.declan.testscripts.ReturnTrainTicketTest@60bd273d]" started-at="2022-07-20T10:56:05 BST" name="InputTrainStationDetails" finished-at="2022-07-20T10:56:06 BST" duration-ms="839" status="PASS">
          <reporter-output>
          </reporter-output>
        </test-method> <!-- InputTrainStationDetails -->
        <test-method signature="returnOrSingle()[pri:3, instance:com.declan.testscripts.ReturnTrainTicketTest@60bd273d]" started-at="2022-07-20T10:56:06 BST" name="returnOrSingle" finished-at="2022-07-20T10:56:06 BST" duration-ms="175" status="PASS">
          <reporter-output>
          </reporter-output>
        </test-method> <!-- returnOrSingle -->
        <test-method signature="changeDateofLeavingTrains()[pri:4, instance:com.declan.testscripts.ReturnTrainTicketTest@60bd273d]" started-at="2022-07-20T10:56:06 BST" name="changeDateofLeavingTrains" finished-at="2022-07-20T10:56:09 BST" duration-ms="2865" status="PASS">
          <reporter-output>
          </reporter-output>
        </test-method> <!-- changeDateofLeavingTrains -->
        <test-method signature="changeDateofReturningTrains()[pri:5, instance:com.declan.testscripts.ReturnTrainTicketTest@60bd273d]" started-at="2022-07-20T10:56:09 BST" name="changeDateofReturningTrains" finished-at="2022-07-20T10:56:11 BST" duration-ms="2731" status="PASS">
          <reporter-output>
          </reporter-output>
        </test-method> <!-- changeDateofReturningTrains -->
        <test-method signature="changeTimeOfLeavingTrain()[pri:6, instance:com.declan.testscripts.ReturnTrainTicketTest@60bd273d]" started-at="2022-07-20T10:56:11 BST" name="changeTimeOfLeavingTrain" finished-at="2022-07-20T10:56:18 BST" duration-ms="6206" status="PASS">
          <reporter-output>
          </reporter-output>
        </test-method> <!-- changeTimeOfLeavingTrain -->
        <test-method signature="searchForTrains()[pri:6, instance:com.declan.testscripts.ReturnTrainTicketTest@60bd273d]" started-at="2022-07-20T10:56:18 BST" name="searchForTrains" finished-at="2022-07-20T10:56:28 BST" duration-ms="10096" status="PASS">
          <reporter-output>
          </reporter-output>
        </test-method> <!-- searchForTrains -->
        <test-method signature="takeScreenShot()[pri:7, instance:com.declan.testscripts.ReturnTrainTicketTest@60bd273d]" started-at="2022-07-20T10:56:28 BST" name="takeScreenShot" finished-at="2022-07-20T10:56:28 BST" duration-ms="237" status="PASS">
          <reporter-output>
          </reporter-output>
        </test-method> <!-- takeScreenShot -->
        <test-method signature="searchTickets()[pri:8, instance:com.declan.testscripts.ReturnTrainTicketTest@60bd273d]" started-at="2022-07-20T10:56:28 BST" name="searchTickets" finished-at="2022-07-20T10:56:28 BST" duration-ms="61" status="PASS">
          <reporter-output>
          </reporter-output>
        </test-method> <!-- searchTickets -->
        <test-method is-config="true" signature="quitBrowser()[pri:0, instance:com.declan.testscripts.ReturnTrainTicketTest@60bd273d]" started-at="2022-07-20T10:56:28 BST" name="quitBrowser" finished-at="2022-07-20T10:56:28 BST" duration-ms="335" status="PASS">
          <reporter-output>
          </reporter-output>
        </test-method> <!-- quitBrowser -->
      </class> <!-- com.declan.testscripts.ReturnTrainTicketTest -->
    </test> <!-- Default test -->
  </suite> <!-- Default suite -->
</testng-results>
