<?xml version="1.0" encoding="UTF-8"?>
<!-- Generated by org.testng.reporters.JUnitXMLReporter -->
<testsuite ignored="0" hostname="Declans-Air" failures="0" tests="5" name="Test" time="12.032" errors="0" timestamp="2022-07-18T11:21:43 BST">
  <testcase classname="com.declan.testscripts.MainGUITest" name="Test001_ClickCookie" time="0.106"/>
  <testcase classname="com.declan.testscripts.MainGUITest" name="InputTrainStationDetails" time="0.7"/>
  <testcase classname="com.declan.testscripts.MainGUITest" name="changeDateofTrains" time="3.072"/>
  <testcase classname="com.declan.testscripts.MainGUITest" name="changeTimeOfTrain" time="3.146"/>
  <testcase classname="com.declan.testscripts.MainGUITest" name="searchTickets" time="0.078"/>
</testsuite> <!-- Test -->
